<?xml version="1.0" encoding="UTF-8"?>
<coverage generated="1771229791012" clover="3.2.0">
  <project timestamp="1771229791012" name="All files">
    <metrics statements="11" coveredstatements="10" conditionals="10" coveredconditionals="9" methods="2" coveredmethods="2" elements="23" coveredelements="21" complexity="0" loc="11" ncloc="11" packages="1" files="1" classes="1"/>
    <file name="BMICalculator.js" path="D:\project\bmi-app-test-66110\src\BMICalculator.js">
      <metrics statements="11" coveredstatements="10" conditionals="10" coveredconditionals="9" methods="2" coveredmethods="2"/>
      <line num="4" count="4" type="cond" truecount="4" falsecount="0"/>
      <line num="5" count="3" type="stmt"/>
      <line num="8" count="1" type="stmt"/>
      <line num="9" count="1" type="stmt"/>
      <line num="13" count="3" type="cond" truecount="2" falsecount="0"/>
      <line num="14" count="1" type="stmt"/>
      <line num="15" count="2" type="cond" truecount="1" falsecount="1"/>
      <line num="16" count="0" type="stmt"/>
      <line num="17" count="2" type="cond" truecount="2" falsecount="0"/>
      <line num="18" count="1" type="stmt"/>
      <line num="20" count="1" type="stmt"/>
    </file>
  </project>
</coverage>
